<?xml version="1.0" encoding="UTF-8"?>
<Site BuildName="Darwin-clang++"
	BuildStamp="20230830-2229-Experimental"
	Name="Taariqs-MacBook-Pro.local"
	Generator="ctest-3.27.4"
	CompilerName="/usr/bin/clang++"
	CompilerVersion="12.0.0.12000032"
	OSName="macOS"
	Hostname="Taariqs-MacBook-Pro.local"
	OSRelease="13.4.1"
	OSVersion="22F770820d"
	OSPlatform="x86_64"
	Is64Bits="1"
	VendorString="GenuineIntel"
	VendorID="Intel Corporation"
	FamilyID="6"
	ModelID="126"
	ProcessorCacheSize="32768"
	NumberOfLogicalCPU="8"
	NumberOfPhysicalCPU="4"
	TotalVirtualMemory="10240"
	TotalPhysicalMemory="16384"
	LogicalProcessorsPerPhysical="8"
	ProcessorClockFrequency="2000"
	>
	<Testing>
		<StartDateTime>Aug 30 18:30 CDT</StartDateTime>
		<StartTestTime>1693438227</StartTestTime>
		<TestList/>
		<EndDateTime>Aug 30 18:30 CDT</EndDateTime>
		<EndTestTime>1693438227</EndTestTime>
		<ElapsedMinutes>0</ElapsedMinutes>
	</Testing>
</Site>
